<?xml version="1.0" encoding="utf-8" standalone="no"?>
<test-run id="2" testcasecount="18" result="Passed" total="18" passed="18" failed="0" inconclusive="0" skipped="0" asserts="42" engine-version="3.0.5797.27553" clr-version="4.0.30319.42000" start-time="2015-12-29 15:21:40Z" end-time="2015-12-29 15:21:40Z" duration="0.217331">
  <command-line><![CDATA[nunit3-console.exe  C:\Users\spic01\Dropbox\Roulette\Roulette.Tests\bin\x86\Debug\Roulette.Tests.dll]]></command-line>
  <test-suite type="Assembly" id="0-1025" name="Roulette.Tests.dll" fullname="C:\Users\spic01\Dropbox\Roulette\Roulette.Tests\bin\x86\Debug\Roulette.Tests.dll" runstate="Runnable" testcasecount="18" result="Passed" start-time="2015-12-29 15:21:40Z" end-time="2015-12-29 15:21:40Z" duration="0.128216" total="18" passed="18" failed="0" inconclusive="0" skipped="0" asserts="42">
    <environment framework-version="3.0.5813.39031" clr-version="4.0.30319.42000" os-version="Microsoft Windows NT 6.1.7601 Service Pack 1" platform="Win32NT" cwd="C:\Users\spic01\Dropbox\Roulette\packages\NUnit.Console.3.0.0\tools" machine-name="MUL05379" user="spic01" user-domain="MULBERRY" culture="en-GB" uiculture="en-US" os-architecture="x86" />
    <settings>
      <setting name="WorkDirectory" value="C:\Users\spic01\Dropbox\Roulette\packages\NUnit.Console.3.0.0\tools" />
      <setting name="NumberOfTestWorkers" value="2" />
    </settings>
    <properties>
      <property name="_PID" value="6436" />
      <property name="_APPDOMAIN" value="test-domain-" />
    </properties>
    <test-suite type="TestSuite" id="0-1026" name="Roulette" fullname="Roulette" runstate="Runnable" testcasecount="18" result="Passed" start-time="2015-12-29 15:21:40Z" end-time="2015-12-29 15:21:40Z" duration="0.120546" total="18" passed="18" failed="0" inconclusive="0" skipped="0" asserts="42">
      <test-suite type="TestSuite" id="0-1028" name="Tests" fullname="Roulette.Tests" runstate="Runnable" testcasecount="14" result="Passed" start-time="2015-12-29 15:21:40Z" end-time="2015-12-29 15:21:40Z" duration="0.116682" total="14" passed="14" failed="0" inconclusive="0" skipped="0" asserts="35">
        <test-suite type="TestFixture" id="0-1005" name="BetTests" fullname="Roulette.Tests.BetTests" classname="Roulette.Tests.BetTests" runstate="Runnable" testcasecount="0" result="Passed" start-time="2015-12-29 15:21:40Z" end-time="2015-12-29 15:21:40Z" duration="0.002370" total="0" passed="0" failed="0" inconclusive="0" skipped="0" asserts="0" />
        <test-suite type="TestFixture" id="0-1006" name="BinBuilderTests" fullname="Roulette.Tests.BinBuilderTests" classname="Roulette.Tests.BinBuilderTests" runstate="Runnable" testcasecount="7" result="Passed" start-time="2015-12-29 15:21:40Z" end-time="2015-12-29 15:21:40Z" duration="0.049548" total="7" passed="7" failed="0" inconclusive="0" skipped="0" asserts="28">
          <test-case id="0-1010" name="BuildBins_WithWheel_SetsCornerBetCorrectly" fullname="Roulette.Tests.BinBuilderTests.BuildBins_WithWheel_SetsCornerBetCorrectly" methodname="BuildBins_WithWheel_SetsCornerBetCorrectly" classname="Roulette.Tests.BinBuilderTests" runstate="Runnable" seed="1272539657" result="Passed" start-time="2015-12-29 15:21:40Z" end-time="2015-12-29 15:21:40Z" duration="0.038116" asserts="7" />
          <test-case id="0-1012" name="BuildBins_WithWheel_SetsDozenBetCorrectly" fullname="Roulette.Tests.BinBuilderTests.BuildBins_WithWheel_SetsDozenBetCorrectly" methodname="BuildBins_WithWheel_SetsDozenBetCorrectly" classname="Roulette.Tests.BinBuilderTests" runstate="Runnable" seed="1620750620" result="Passed" start-time="2015-12-29 15:21:40Z" end-time="2015-12-29 15:21:40Z" duration="0.000946" asserts="3" />
          <test-case id="0-1013" name="BuildBins_WithWheel_SetsEvenMoneyBetCorrectly" fullname="Roulette.Tests.BinBuilderTests.BuildBins_WithWheel_SetsEvenMoneyBetCorrectly" methodname="BuildBins_WithWheel_SetsEvenMoneyBetCorrectly" classname="Roulette.Tests.BinBuilderTests" runstate="Runnable" seed="1328488278" result="Passed" start-time="2015-12-29 15:21:40Z" end-time="2015-12-29 15:21:40Z" duration="0.000859" asserts="3" />
          <test-case id="0-1011" name="BuildBins_WithWheel_SetsLineBetCorrectly" fullname="Roulette.Tests.BinBuilderTests.BuildBins_WithWheel_SetsLineBetCorrectly" methodname="BuildBins_WithWheel_SetsLineBetCorrectly" classname="Roulette.Tests.BinBuilderTests" runstate="Runnable" seed="118089422" result="Passed" start-time="2015-12-29 15:21:40Z" end-time="2015-12-29 15:21:40Z" duration="0.000783" asserts="2" />
          <test-case id="0-1007" name="BuildBins_WithWheel_SetsSplitBetCorrectly" fullname="Roulette.Tests.BinBuilderTests.BuildBins_WithWheel_SetsSplitBetCorrectly" methodname="BuildBins_WithWheel_SetsSplitBetCorrectly" classname="Roulette.Tests.BinBuilderTests" runstate="Runnable" seed="1460656856" result="Passed" start-time="2015-12-29 15:21:40Z" end-time="2015-12-29 15:21:40Z" duration="0.001068" asserts="7" />
          <test-case id="0-1008" name="BuildBins_WithWheel_SetsStraightBetCorrectly" fullname="Roulette.Tests.BinBuilderTests.BuildBins_WithWheel_SetsStraightBetCorrectly" methodname="BuildBins_WithWheel_SetsStraightBetCorrectly" classname="Roulette.Tests.BinBuilderTests" runstate="Runnable" seed="213326761" result="Passed" start-time="2015-12-29 15:21:40Z" end-time="2015-12-29 15:21:40Z" duration="0.000938" asserts="3" />
          <test-case id="0-1009" name="BuildBins_WithWheel_SetsStreetBetCorrectly" fullname="Roulette.Tests.BinBuilderTests.BuildBins_WithWheel_SetsStreetBetCorrectly" methodname="BuildBins_WithWheel_SetsStreetBetCorrectly" classname="Roulette.Tests.BinBuilderTests" runstate="Runnable" seed="1778333889" result="Passed" start-time="2015-12-29 15:21:40Z" end-time="2015-12-29 15:21:40Z" duration="0.000929" asserts="3" />
        </test-suite>
        <test-suite type="TestFixture" id="0-1014" name="BinTests" fullname="Roulette.Tests.BinTests" classname="Roulette.Tests.BinTests" runstate="Runnable" testcasecount="1" result="Passed" start-time="2015-12-29 15:21:40Z" end-time="2015-12-29 15:21:40Z" duration="0.025669" total="1" passed="1" failed="0" inconclusive="0" skipped="0" asserts="2">
          <test-case id="0-1015" name="ToString_WithAndWithoutParameters_ReturnsCorrectly" fullname="Roulette.Tests.BinTests.ToString_WithAndWithoutParameters_ReturnsCorrectly" methodname="ToString_WithAndWithoutParameters_ReturnsCorrectly" classname="Roulette.Tests.BinTests" runstate="Runnable" seed="1888940438" result="Passed" start-time="2015-12-29 15:21:40Z" end-time="2015-12-29 15:21:40Z" duration="0.023265" asserts="2" />
        </test-suite>
        <test-suite type="TestFixture" id="0-1016" name="MartingalePlayerTests" fullname="Roulette.Tests.MartingalePlayerTests" classname="Roulette.Tests.MartingalePlayerTests" runstate="Runnable" testcasecount="2" result="Passed" start-time="2015-12-29 15:21:40Z" end-time="2015-12-29 15:21:40Z" duration="0.013967" total="2" passed="2" failed="0" inconclusive="0" skipped="0" asserts="2">
          <test-case id="0-1017" name="PlaceBet_WithLoss_DoublesBet" fullname="Roulette.Tests.MartingalePlayerTests.PlaceBet_WithLoss_DoublesBet" methodname="PlaceBet_WithLoss_DoublesBet" classname="Roulette.Tests.MartingalePlayerTests" runstate="Runnable" seed="1931312539" result="Passed" start-time="2015-12-29 15:21:40Z" end-time="2015-12-29 15:21:40Z" duration="0.008351" asserts="1">
            <output><![CDATA[Player has lost 1!
]]></output>
          </test-case>
          <test-case id="0-1018" name="PlaceBet_WithWin_ResetsBet" fullname="Roulette.Tests.MartingalePlayerTests.PlaceBet_WithWin_ResetsBet" methodname="PlaceBet_WithWin_ResetsBet" classname="Roulette.Tests.MartingalePlayerTests" runstate="Runnable" seed="1196887609" result="Passed" start-time="2015-12-29 15:21:40Z" end-time="2015-12-29 15:21:40Z" duration="0.001201" asserts="1">
            <output><![CDATA[Player has won 2!
]]></output>
          </test-case>
        </test-suite>
        <test-suite type="TestFixture" id="0-1019" name="TableTests" fullname="Roulette.Tests.TableTests" classname="Roulette.Tests.TableTests" runstate="Runnable" testcasecount="0" result="Passed" start-time="2015-12-29 15:21:40Z" end-time="2015-12-29 15:21:40Z" duration="0.000075" total="0" passed="0" failed="0" inconclusive="0" skipped="0" asserts="0" />
        <test-suite type="TestFixture" id="0-1020" name="WheelTests" fullname="Roulette.Tests.WheelTests" classname="Roulette.Tests.WheelTests" runstate="Runnable" testcasecount="4" result="Passed" start-time="2015-12-29 15:21:40Z" end-time="2015-12-29 15:21:40Z" duration="0.019209" total="4" passed="4" failed="0" inconclusive="0" skipped="0" asserts="3">
          <test-case id="0-1023" name="GetBin_WithCorrectInt_ReturnsCorrectBin" fullname="Roulette.Tests.WheelTests.GetBin_WithCorrectInt_ReturnsCorrectBin" methodname="GetBin_WithCorrectInt_ReturnsCorrectBin" classname="Roulette.Tests.WheelTests" runstate="Runnable" seed="866290569" result="Passed" start-time="2015-12-29 15:21:40Z" end-time="2015-12-29 15:21:40Z" duration="0.004416" asserts="1" />
          <test-case id="0-1024" name="GetBin_WithIncorrectInt_ThrowsArgumentException" fullname="Roulette.Tests.WheelTests.GetBin_WithIncorrectInt_ThrowsArgumentException" methodname="GetBin_WithIncorrectInt_ThrowsArgumentException" classname="Roulette.Tests.WheelTests" runstate="Runnable" seed="1960734727" result="Passed" start-time="2015-12-29 15:21:40Z" end-time="2015-12-29 15:21:40Z" duration="0.006229" asserts="1" />
          <test-case id="0-1021" name="Spin_WithFakeRandom_ReturnsExpectedBin" fullname="Roulette.Tests.WheelTests.Spin_WithFakeRandom_ReturnsExpectedBin" methodname="Spin_WithFakeRandom_ReturnsExpectedBin" classname="Roulette.Tests.WheelTests" runstate="Runnable" seed="1565032323" result="Passed" start-time="2015-12-29 15:21:40Z" end-time="2015-12-29 15:21:40Z" duration="0.002137" asserts="1" />
          <test-case id="0-1022" name="ToString_WithPopulatedBins_ReturnsCorretly" fullname="Roulette.Tests.WheelTests.ToString_WithPopulatedBins_ReturnsCorretly" methodname="ToString_WithPopulatedBins_ReturnsCorretly" classname="Roulette.Tests.WheelTests" runstate="Runnable" seed="657609446" result="Passed" start-time="2015-12-29 15:21:40Z" end-time="2015-12-29 15:21:40Z" duration="0.005884" asserts="0" />
        </test-suite>
      </test-suite>
      <test-suite type="TestSuite" id="0-1027" name="UnitTesting" fullname="Roulette.UnitTesting" runstate="Runnable" testcasecount="4" result="Passed" start-time="2015-12-29 15:21:40Z" end-time="2015-12-29 15:21:40Z" duration="0.119367" total="4" passed="4" failed="0" inconclusive="0" skipped="0" asserts="7">
        <test-suite type="TestFixture" id="0-1000" name="OutcomeTests" fullname="Roulette.UnitTesting.OutcomeTests" classname="Roulette.UnitTesting.OutcomeTests" runstate="Runnable" testcasecount="4" result="Passed" start-time="2015-12-29 15:21:40Z" end-time="2015-12-29 15:21:40Z" duration="0.003749" total="4" passed="4" failed="0" inconclusive="0" skipped="0" asserts="7">
          <test-case id="0-1003" name="Equals_WithIncorrectMatchOrNull_ReturnsFalse" fullname="Roulette.UnitTesting.OutcomeTests.Equals_WithIncorrectMatchOrNull_ReturnsFalse" methodname="Equals_WithIncorrectMatchOrNull_ReturnsFalse" classname="Roulette.UnitTesting.OutcomeTests" runstate="Runnable" seed="993609143" result="Passed" start-time="2015-12-29 15:21:40Z" end-time="2015-12-29 15:21:40Z" duration="0.001169" asserts="3" />
          <test-case id="0-1002" name="Equals_WithMatch_ReturnsTrue" fullname="Roulette.UnitTesting.OutcomeTests.Equals_WithMatch_ReturnsTrue" methodname="Equals_WithMatch_ReturnsTrue" classname="Roulette.UnitTesting.OutcomeTests" runstate="Runnable" seed="1630670862" result="Passed" start-time="2015-12-29 15:21:40Z" end-time="2015-12-29 15:21:40Z" duration="0.000729" asserts="2" />
          <test-case id="0-1001" name="GetWinAmount_WithNumber_ReturnsCorrectly" fullname="Roulette.UnitTesting.OutcomeTests.GetWinAmount_WithNumber_ReturnsCorrectly" methodname="GetWinAmount_WithNumber_ReturnsCorrectly" classname="Roulette.UnitTesting.OutcomeTests" runstate="Runnable" seed="798259755" result="Passed" start-time="2015-12-29 15:21:40Z" end-time="2015-12-29 15:21:40Z" duration="0.001115" asserts="1" />
          <test-case id="0-1004" name="ToString_DefaultValues_ReturnsCorrectly" fullname="Roulette.UnitTesting.OutcomeTests.ToString_DefaultValues_ReturnsCorrectly" methodname="ToString_DefaultValues_ReturnsCorrectly" classname="Roulette.UnitTesting.OutcomeTests" runstate="Runnable" seed="277322916" result="Passed" start-time="2015-12-29 15:21:40Z" end-time="2015-12-29 15:21:40Z" duration="0.000175" asserts="1" />
        </test-suite>
      </test-suite>
    </test-suite>
  </test-suite>
</test-run>